<?xml version="1.0" encoding="UTF-8"?>
<testng-results ignored="0" total="5" passed="5" failed="0" skipped="0">
  <reporter-output>
  </reporter-output>
  <suite started-at="2026-04-18T14:28:26 IST" name="Default suite" finished-at="2026-04-18T14:28:35 IST" duration-ms="9327">
    <groups>
      <group name="cucumber">
        <method signature="AbstractTestNGCucumberTests.runScenario(io.cucumber.testng.PickleWrapper,io.cucumber.testng.FeatureWrapper)[pri:0, instance:com.httpbin.runner.TestRunner@43bc63a3]" name="runScenario" class="io.cucumber.testng.AbstractTestNGCucumberTests"/>
      </group> <!-- cucumber -->
    </groups>
    <test started-at="2026-04-18T14:28:26 IST" name="Default test" finished-at="2026-04-18T14:28:35 IST" duration-ms="9327">
      <class name="com.httpbin.runner.TestRunner">
        <test-method is-config="true" signature="setUpClass(org.testng.ITestContext)[pri:0, instance:com.httpbin.runner.TestRunner@43bc63a3]" started-at="2026-04-18T14:28:26 IST" name="setUpClass" finished-at="2026-04-18T14:28:26 IST" duration-ms="500" status="PASS">
          <params>
            <param index="0">
              <value>
                <![CDATA[org.testng.TestRunner@412ebe64]]>
              </value>
            </param>
          </params>
          <reporter-output>
          </reporter-output>
        </test-method> <!-- setUpClass -->
        <test-method signature="runScenario(io.cucumber.testng.PickleWrapper,io.cucumber.testng.FeatureWrapper)[pri:0, instance:com.httpbin.runner.TestRunner@43bc63a3]" started-at="2026-04-18T14:28:26 IST" name="runScenario" description="Runs Cucumber Scenarios" data-provider="scenarios" finished-at="2026-04-18T14:28:30 IST" duration-ms="3620" status="PASS">
          <params>
            <param index="0">
              <value>
                <![CDATA["Verify POST status with valid code"]]>
              </value>
            </param>
            <param index="1">
              <value>
                <![CDATA["to perform CRUD operations on HttpBin StatusCode module"]]>
              </value>
            </param>
          </params>
          <reporter-output>
          </reporter-output>
        </test-method> <!-- runScenario -->
        <test-method signature="runScenario(io.cucumber.testng.PickleWrapper,io.cucumber.testng.FeatureWrapper)[pri:0, instance:com.httpbin.runner.TestRunner@43bc63a3]" started-at="2026-04-18T14:28:30 IST" name="runScenario" description="Runs Cucumber Scenarios" data-provider="scenarios" finished-at="2026-04-18T14:28:31 IST" duration-ms="1278" status="PASS">
          <params>
            <param index="0">
              <value>
                <![CDATA["Verify GET status with valid code"]]>
              </value>
            </param>
            <param index="1">
              <value>
                <![CDATA["to perform CRUD operations on HttpBin StatusCode module"]]>
              </value>
            </param>
          </params>
          <reporter-output>
          </reporter-output>
        </test-method> <!-- runScenario -->
        <test-method signature="runScenario(io.cucumber.testng.PickleWrapper,io.cucumber.testng.FeatureWrapper)[pri:0, instance:com.httpbin.runner.TestRunner@43bc63a3]" started-at="2026-04-18T14:28:31 IST" name="runScenario" description="Runs Cucumber Scenarios" data-provider="scenarios" finished-at="2026-04-18T14:28:33 IST" duration-ms="1292" status="PASS">
          <params>
            <param index="0">
              <value>
                <![CDATA["Verify PUT status with multiple codes"]]>
              </value>
            </param>
            <param index="1">
              <value>
                <![CDATA["to perform CRUD operations on HttpBin StatusCode module"]]>
              </value>
            </param>
          </params>
          <reporter-output>
          </reporter-output>
        </test-method> <!-- runScenario -->
        <test-method signature="runScenario(io.cucumber.testng.PickleWrapper,io.cucumber.testng.FeatureWrapper)[pri:0, instance:com.httpbin.runner.TestRunner@43bc63a3]" started-at="2026-04-18T14:28:33 IST" name="runScenario" description="Runs Cucumber Scenarios" data-provider="scenarios" finished-at="2026-04-18T14:28:34 IST" duration-ms="1267" status="PASS">
          <params>
            <param index="0">
              <value>
                <![CDATA["Verify PATCH status with invalid code"]]>
              </value>
            </param>
            <param index="1">
              <value>
                <![CDATA["to perform CRUD operations on HttpBin StatusCode module"]]>
              </value>
            </param>
          </params>
          <reporter-output>
          </reporter-output>
        </test-method> <!-- runScenario -->
        <test-method signature="runScenario(io.cucumber.testng.PickleWrapper,io.cucumber.testng.FeatureWrapper)[pri:0, instance:com.httpbin.runner.TestRunner@43bc63a3]" started-at="2026-04-18T14:28:34 IST" name="runScenario" description="Runs Cucumber Scenarios" data-provider="scenarios" finished-at="2026-04-18T14:28:35 IST" duration-ms="1286" status="PASS">
          <params>
            <param index="0">
              <value>
                <![CDATA["Verify DELETE status with no content code"]]>
              </value>
            </param>
            <param index="1">
              <value>
                <![CDATA["to perform CRUD operations on HttpBin StatusCode module"]]>
              </value>
            </param>
          </params>
          <reporter-output>
          </reporter-output>
        </test-method> <!-- runScenario -->
        <test-method is-config="true" signature="tearDownClass()[pri:0, instance:com.httpbin.runner.TestRunner@43bc63a3]" started-at="2026-04-18T14:28:35 IST" name="tearDownClass" finished-at="2026-04-18T14:28:35 IST" duration-ms="40" status="PASS">
          <reporter-output>
          </reporter-output>
        </test-method> <!-- tearDownClass -->
      </class> <!-- com.httpbin.runner.TestRunner -->
    </test> <!-- Default test -->
  </suite> <!-- Default suite -->
</testng-results>
