<?xml version="1.0" encoding="UTF-8"?>
<!-- Generated by org.testng.reporters.JUnitReportReporter -->
<testsuite hostname="Mahitha" failures="0" tests="5" name="com.httpbin.runner.TestRunner" time="8.743" errors="0" timestamp="2026-04-18T14:28:35 IST" skipped="0">
  <testcase classname="com.httpbin.runner.TestRunner" name="runScenario" time="1.267"/>
  <system-out/>
  <testcase classname="com.httpbin.runner.TestRunner" name="runScenario" time="1.286"/>
  <system-out/>
  <testcase classname="com.httpbin.runner.TestRunner" name="runScenario" time="3.620"/>
  <system-out/>
  <testcase classname="com.httpbin.runner.TestRunner" name="runScenario" time="1.278"/>
  <system-out/>
  <testcase classname="com.httpbin.runner.TestRunner" name="runScenario" time="1.292"/>
  <system-out/>
</testsuite> <!-- com.httpbin.runner.TestRunner -->
